<?xml version="1.0" encoding="UTF-8"?>
<!-- Generated by org.testng.reporters.JUnitReportReporter -->
<testsuite skipped="0" hostname="EPUAKHAW0166" name="ExampleTest" tests="1" failures="0" timestamp="23 Mar 2018 14:41:26 GMT" time="10.150" errors="0">
  <testcase name="isTheSearchResultCorrect" time="10.150" classname="ExampleTest"/>
</testsuite> <!-- ExampleTest -->
